Removed Pin From Net: NetName=RX Pin=J24-3
Removed Pin From Net: NetName=SBUSOUT Pin=U1-CN12_19
Added Pin To Net: NetName=GND Pin=U30-6
Added Pin To Net: NetName=GND Pin=U31-6
Added Pin To Net: NetName=GND Pin=U32-6
Added Pin To Net: NetName=GND Pin=U33-5
Added Pin To Net: NetName=GND Pin=U34-7
Added Pin To Net: NetName=SBUSOUT Pin=U34-11
Added Pin To Net: NetName=NGND Pin=U1-CN3_1
Added Pin To Net: NetName=NGND Pin=U1-CN3_2
Added Pin To Net: NetName=NGND Pin=U1-CN4_1
Added Pin To Net: NetName=NGND Pin=U1-CN4_2
Added Pin To Net: NetName=NGND Pin=U1-CN15_1
Added Pin To Net: NetName=NGND Pin=U1-CN15_2
Added Pin To Net: NetName=NGND Pin=U1-CN16_1
Added Pin To Net: NetName=NGND Pin=U1-CN16_2
Added Pin To Net: NetName=NGND Pin=U30-7
Added Pin To Net: NetName=NGND Pin=U31-7
Added Pin To Net: NetName=NGND Pin=U32-7
Added Pin To Net: NetName=NGND Pin=U33-7
Added Pin To Net: NetName=NGND Pin=U34-6
Added Net: Name=NGND
Added Pin To Net: NetName=SBUSOUT' Pin=U1-CN12_19
Added Pin To Net: NetName=SBUSOUT' Pin=U34-1
Added Net: Name=SBUSOUT'
Added Member To Class: ClassName=Nucleo PCB V1.1 Member=Component P? 691311500104
Added Member To Class: ClassName=Nucleo PCB V1.1 Member=Component P? 691311500103
Added Member To Class: ClassName=Nucleo PCB V1.1 Member=Component P? 691311500103
Added Member To Class: ClassName=Nucleo PCB V1.1 Member=Component P? 691311500104
Added Member To Class: ClassName=Nucleo PCB V1.1 Member=Component P? 691311500103
Added Member To Class: ClassName=Nucleo PCB V1.1 Member=Component P? 691311500103
Added Member To Class: ClassName=Nucleo PCB V1.1 Member=Component P? 691311500103
Added Member To Class: ClassName=Nucleo PCB V1.1 Member=Component P? 691311500103
Added Rule: Name=Schematic Supply Nets_3
