Removed Pin From Net: NetName=CS1 Pin=P?-1
Removed Pin From Net: NetName=CS3 Pin=P?-1
Removed Pin From Net: NetName=GRIPPER Pin=P?-1
Removed Pin From Net: NetName=PUL3 Pin=P?-1
Removed Pin From Net: NetName=SS1 Pin=P?-1
Removed Pin From Net: NetName=CS2 Pin=P?-2
Removed Pin From Net: NetName=CS4 Pin=P?-2
Removed Pin From Net: NetName=DIR3 Pin=P?-2
Removed Pin From Net: NetName=GLA Pin=P?-2
Removed Pin From Net: NetName=SS2 Pin=P?-2
Removed Pin From Net: NetName=PUL4' Pin=U30-1
Removed Pin From Net: NetName=DIR4' Pin=U30-2
Removed Pin From Net: NetName=PUL5' Pin=U30-3
Removed Pin From Net: NetName=DIR5' Pin=U30-4
Removed Pin From Net: NetName=DIR5 Pin=U30-8
Removed Pin From Net: NetName=PUL5 Pin=U30-9
Removed Pin From Net: NetName=DIR4 Pin=U30-10
Removed Pin From Net: NetName=PUL4 Pin=U30-11
Removed Pin From Net: NetName=PUL1' Pin=U31-1
Removed Pin From Net: NetName=DIR1' Pin=U31-2
Removed Pin From Net: NetName=PUL2' Pin=U31-3
Removed Pin From Net: NetName=DIR2' Pin=U31-4
Removed Pin From Net: NetName=DIR2 Pin=U31-8
Removed Pin From Net: NetName=PUL2 Pin=U31-9
Removed Pin From Net: NetName=DIR1 Pin=U31-10
Removed Pin From Net: NetName=PUL1 Pin=U31-11
Added Pin To Net: NetName=CS2 Pin=U30-8
Added Pin To Net: NetName=CS1 Pin=U30-9
Added Pin To Net: NetName=SS2 Pin=U30-10
Added Pin To Net: NetName=SS1 Pin=U30-11
Added Pin To Net: NetName=PUL4' Pin=U31-3
Added Pin To Net: NetName=DIR4' Pin=U31-4
Added Pin To Net: NetName=DIR4 Pin=U31-8
Added Pin To Net: NetName=PUL4 Pin=U31-9
Added Pin To Net: NetName=CS4 Pin=U31-10
Added Pin To Net: NetName=CS3 Pin=U31-11
Added Pin To Net: NetName=PUL1' Pin=U32-1
Added Pin To Net: NetName=DIR1' Pin=U32-2
Added Pin To Net: NetName=PUL2' Pin=U32-3
Added Pin To Net: NetName=DIR2' Pin=U32-4
Added Pin To Net: NetName=DIR2 Pin=U32-8
Added Pin To Net: NetName=PUL2 Pin=U32-9
Added Pin To Net: NetName=DIR1 Pin=U32-10
Added Pin To Net: NetName=PUL1 Pin=U32-11
Added Pin To Net: NetName=GLA Pin=U33-8
Added Pin To Net: NetName=GRIPPER Pin=U33-9
Added Pin To Net: NetName=DIR3 Pin=U33-10
Added Pin To Net: NetName=PUL3 Pin=U33-11
Added Pin To Net: NetName=CS1' Pin=P?-1
Added Pin To Net: NetName=CS1' Pin=U30-3
Added Net: Name=CS1'
Added Pin To Net: NetName=CS2' Pin=P?-2
Added Pin To Net: NetName=CS2' Pin=U30-4
Added Net: Name=CS2'
Added Pin To Net: NetName=CS3' Pin=P?-1
Added Pin To Net: NetName=CS3' Pin=U31-1
Added Net: Name=CS3'
Added Pin To Net: NetName=CS4' Pin=P?-2
Added Pin To Net: NetName=CS4' Pin=U31-2
Added Net: Name=CS4'
Added Pin To Net: NetName=DIR3' Pin=P?-2
Added Pin To Net: NetName=DIR3' Pin=U33-2
Added Net: Name=DIR3'
Added Pin To Net: NetName=GLA' Pin=P?-2
Added Pin To Net: NetName=GLA' Pin=U33-4
Added Net: Name=GLA'
Added Pin To Net: NetName=GRIPPER' Pin=P?-1
Added Pin To Net: NetName=GRIPPER' Pin=U33-3
Added Net: Name=GRIPPER'
Added Pin To Net: NetName=PUL3' Pin=P?-1
Added Pin To Net: NetName=PUL3' Pin=U33-1
Added Net: Name=PUL3'
Added Pin To Net: NetName=SS1' Pin=P?-1
Added Pin To Net: NetName=SS1' Pin=U30-1
Added Net: Name=SS1'
Added Pin To Net: NetName=SS2' Pin=P?-2
Added Pin To Net: NetName=SS2' Pin=U30-2
Added Net: Name=SS2'
Added Member To Class: ClassName=Nucleo PCB V1.1 Member=Component P? 691311500103
Added Member To Class: ClassName=Nucleo PCB V1.1 Member=Component P? 691311500104
Added Member To Class: ClassName=Nucleo PCB V1.1 Member=Component P? 691311500103
Added Member To Class: ClassName=Nucleo PCB V1.1 Member=Component P? 691311500103
Added Member To Class: ClassName=Nucleo PCB V1.1 Member=Component P? 691311500103
Added Member To Class: ClassName=Nucleo PCB V1.1 Member=Component P? 691311500103
Added Member To Class: ClassName=Nucleo PCB V1.1 Member=Component P? 691311500103
Added Member To Class: ClassName=Nucleo PCB V1.1 Member=Component P? 691311500104
