Removed Pin From Net: NetName=NGND Pin=C3-1
Removed Pin From Net: NetName=Sensor5V Pin=C3-2
Removed Member From Class: ClassName=Nucleo PCB V1.1 Member=C3
Added Component: Designator=C?(FP-VY1472M63Y5UQ6TV0-MFG)
Add component (AddParameter): Name = "Capacitance"; Value = "4.7nF"; VariantName = "[No Variations]"
Add component (AddParameter): Name = "Case/Package"; Value = "Radial"; VariantName = "[No Variations]"
Add component (AddParameter): Name = "Construction"; Value = "RADIAL"; VariantName = "[No Variations]"
Add component (AddParameter): Name = "Contact Plating"; Value = "Tin"; VariantName = "[No Variations]"
Add component (AddParameter): Name = "Depth"; Value = "5mm"; VariantName = "[No Variations]"
Add component (AddParameter): Name = "Diameter"; Value = "16mm"; VariantName = "[No Variations]"
Add component (AddParameter): Name = "Dielectric"; Value = "Y5U"; VariantName = "[No Variations]"
Add component (AddParameter): Name = "Height"; Value = "19mm"; VariantName = "[No Variations]"
Add component (AddParameter): Name = "Height - Seated (Max)"; Value = "0.787inch"; VariantName = "[No Variations]"
Add component (AddParameter): Name = "Lead Diameter"; Value = "0.6mm"; VariantName = "[No Variations]"
Add component (AddParameter): Name = "Lead Pitch"; Value = "10mm"; VariantName = "[No Variations]"
Add component (AddParameter): Name = "Lead/Base Style"; Value = "Kinked"; VariantName = "[No Variations]"
Add component (AddParameter): Name = "Max Operating Temperature"; Value = "125°C"; VariantName = "[No Variations]"
Add component (AddParameter): Name = "Min Operating Temperature"; Value = "-40°C"; VariantName = "[No Variations]"
Add component (AddParameter): Name = "Mount"; Value = "Through Hole"; VariantName = "[No Variations]"
Add component (AddParameter): Name = "Package Quantity"; Value = "500"; VariantName = "[No Variations]"
Add component (AddParameter): Name = "Packaging"; Value = "Tape and Reel"; VariantName = "[No Variations]"
Add component (AddParameter): Name = "Radiation Hardening"; Value = "No"; VariantName = "[No Variations]"
Add component (AddParameter): Name = "Resistor Type"; Value = "Ceramic"; VariantName = "[No Variations]"
Add component (AddParameter): Name = "RoHS Compliant"; Value = "Yes"; VariantName = "[No Variations]"
Add component (AddParameter): Name = "Series"; Value = "VY1"; VariantName = "[No Variations]"
Add component (AddParameter): Name = "Termination"; Value = "Radial"; VariantName = "[No Variations]"
Add component (AddParameter): Name = "Thickness"; Value = "5mm"; VariantName = "[No Variations]"
Add component (AddParameter): Name = "Tolerance"; Value = "20%"; VariantName = "[No Variations]"
Add component (AddParameter): Name = "Voltage"; Value = "500V"; VariantName = "[No Variations]"
Add component (AddParameter): Name = "Voltage Rating (AC)"; Value = "500V"; VariantName = "[No Variations]"
Add component (AddParameter): Name = "Voltage Rating (DC)"; Value = "500V"; VariantName = "[No Variations]"
Added Pin To Net: NetName=NGND Pin=C?-1
Added Pin To Net: NetName=Sensor5V Pin=C?-2
Added Member To Class: ClassName=Nucleo PCB V1.1 Member=Component C? 0.1uf
