Removed Pin From Net: NetName=GRIPPER Pin=P3-1
Removed Pin From Net: NetName=GLA Pin=P3-2
Removed Pin From Net: NetName=GND Pin=P3-3
Removed Pin From Net: NetName=GND Pin=P3-4
Removed Member From Class: ClassName=Nucleo PCB V1.1 Member=P3
Added Component: Designator=P?(691311500104)
Add component (AddParameter): Name = "Color"; Value = "Green"; VariantName = "[No Variations]"
Add component (AddParameter): Name = "Contact Material"; Value = "Brass"; VariantName = "[No Variations]"
Add component (AddParameter): Name = "Contact Plating"; Value = "Tin"; VariantName = "[No Variations]"
Add component (AddParameter): Name = "Current"; Value = "20A"; VariantName = "[No Variations]"
Add component (AddParameter): Name = "Gender"; Value = "Male"; VariantName = "[No Variations]"
Add component (AddParameter): Name = "Height"; Value = "12mm"; VariantName = "[No Variations]"
Add component (AddParameter): Name = "Lead Pitch"; Value = "5.08mm"; VariantName = "[No Variations]"
Add component (AddParameter): Name = "Length"; Value = "8.5mm"; VariantName = "[No Variations]"
Add component (AddParameter): Name = "Mount"; Value = "Through Hole"; VariantName = "[No Variations]"
Add component (AddParameter): Name = "NexarPartId"; Value = "8917749"; VariantName = "[No Variations]"
Add component (AddParameter): Name = "Number of Contacts"; Value = "4"; VariantName = "[No Variations]"
Add component (AddParameter): Name = "Number of Levels"; Value = "1"; VariantName = "[No Variations]"
Add component (AddParameter): Name = "Number of Pins"; Value = "4"; VariantName = "[No Variations]"
Add component (AddParameter): Name = "Number of Positions Per Level"; Value = "4"; VariantName = "[No Variations]"
Add component (AddParameter): Name = "Number of Rows"; Value = "1"; VariantName = "[No Variations]"
Add component (AddParameter): Name = "Orientation"; Value = "Vertical"; VariantName = "[No Variations]"
Add component (AddParameter): Name = "Packaging"; Value = "Box"; VariantName = "[No Variations]"
Add component (AddParameter): Name = "Pitch"; Value = "5.08mm"; VariantName = "[No Variations]"
Add component (AddParameter): Name = "REACH SVHC"; Value = "Unknown"; VariantName = "[No Variations]"
Add component (AddParameter): Name = "RoHS"; Value = "Compliant"; VariantName = "[No Variations]"
Add component (AddParameter): Name = "Termination"; Value = "Solder"; VariantName = "[No Variations]"
Add component (AddParameter): Name = "Voltage"; Value = "300V"; VariantName = "[No Variations]"
Add component (AddParameter): Name = "Width"; Value = "22.32mm"; VariantName = "[No Variations]"
Added Pin To Net: NetName=GRIPPER Pin=P?-1
Added Pin To Net: NetName=GLA Pin=P?-2
Added Pin To Net: NetName=GND Pin=P?-3
Added Pin To Net: NetName=GND Pin=P?-4
Added Member To Class: ClassName=Nucleo PCB V1.1 Member=Component P? 691311500103
Added Member To Class: ClassName=Nucleo PCB V1.1 Member=Component P? 691311500103
Added Member To Class: ClassName=Nucleo PCB V1.1 Member=Component P? 691311500103
Added Member To Class: ClassName=Nucleo PCB V1.1 Member=Component P? 691311500103
Added Member To Class: ClassName=Nucleo PCB V1.1 Member=Component P? 691311500103
Added Member To Class: ClassName=Nucleo PCB V1.1 Member=Component P? 691311500104
Added Member To Class: ClassName=Nucleo PCB V1.1 Member=Component P? 691311500104
Added Member To Class: ClassName=Nucleo PCB V1.1 Member=Component P? 691311500103
Added Member To Class: ClassName=Nucleo PCB V1.1 Member=Component P? 691311500103
